<?xml version="1.0" encoding="UTF-8"?>
<robot generator="Robot 4.0.2 (Python 3.9.1 on win32)" generated="20210514 18:24:03.004" rpa="false" schemaversion="2">
<suite id="s1" name="Createclass Tests" source="D:\Python\WebDemo-main\createclass_tests">
<suite id="s1-s1" name="Invalid Create" source="D:\Python\WebDemo-main\createclass_tests\invalid_create.robot">
<kw name="Open Browser To Create Class" library="resource" type="SETUP">
<kw name="Open Browser" library="SeleniumLibrary">
<arg>${CREATE URL}</arg>
<arg>${BROWSER}</arg>
<doc>Opens a new browser instance to the optional ``url``.</doc>
<msg timestamp="20210514 18:24:03.257" level="INFO">Opening browser 'Chrome' to base url 'http://localhost:7272/createClass.html'.</msg>
<status status="PASS" starttime="20210514 18:24:03.257" endtime="20210514 18:24:04.719"/>
</kw>
<kw name="Maximize Browser Window" library="SeleniumLibrary">
<doc>Maximizes current browser window.</doc>
<status status="PASS" starttime="20210514 18:24:04.719" endtime="20210514 18:24:04.837"/>
</kw>
<kw name="Set Selenium Speed" library="SeleniumLibrary">
<arg>${DELAY}</arg>
<doc>Sets the delay that is waited after each Selenium command.</doc>
<status status="PASS" starttime="20210514 18:24:04.838" endtime="20210514 18:24:04.838"/>
</kw>
<kw name="Create Class Should Be Open" library="resource">
<kw name="Title Should Be" library="SeleniumLibrary">
<arg>Create class</arg>
<doc>Verifies that the current page title equals ``title``.</doc>
<msg timestamp="20210514 18:24:04.845" level="INFO">Page title is 'Create class'.</msg>
<status status="PASS" starttime="20210514 18:24:04.838" endtime="20210514 18:24:04.845"/>
</kw>
<status status="PASS" starttime="20210514 18:24:04.838" endtime="20210514 18:24:04.846"/>
</kw>
<status status="PASS" starttime="20210514 18:24:03.257" endtime="20210514 18:24:04.846"/>
</kw>
<test id="s1-s1-t1" name="Empty Title">
<kw name="Go To Create Class Page" library="resource" type="SETUP">
<kw name="Go To" library="SeleniumLibrary">
<arg>${CREATE URL}</arg>
<doc>Navigates the current browser window to the provided ``url``.</doc>
<msg timestamp="20210514 18:24:04.847" level="INFO">Opening url 'http://localhost:7272/createClass.html'</msg>
<status status="PASS" starttime="20210514 18:24:04.847" endtime="20210514 18:24:04.920"/>
</kw>
<kw name="Create Class Should Be Open" library="resource">
<kw name="Title Should Be" library="SeleniumLibrary">
<arg>Create class</arg>
<doc>Verifies that the current page title equals ``title``.</doc>
<msg timestamp="20210514 18:24:04.924" level="INFO">Page title is 'Create class'.</msg>
<status status="PASS" starttime="20210514 18:24:04.920" endtime="20210514 18:24:04.924"/>
</kw>
<status status="PASS" starttime="20210514 18:24:04.920" endtime="20210514 18:24:04.925"/>
</kw>
<status status="PASS" starttime="20210514 18:24:04.847" endtime="20210514 18:24:04.925"/>
</kw>
<kw name="Create Class With Invalid Credentials Should Fail">
<arg>${EMPTY}</arg>
<arg>${VALID DESCRIPTION}</arg>
<arg>${VALID DIFFICULTY}</arg>
<arg>${VALID LANGUAGE}</arg>
<kw name="Input Title" library="resource">
<arg>${title}</arg>
<kw name="Input Text" library="SeleniumLibrary">
<arg>title_field</arg>
<arg>${title}</arg>
<doc>Types the given ``text`` into the text field identified by ``locator``.</doc>
<msg timestamp="20210514 18:24:04.927" level="INFO">Typing text '' into text field 'title_field'.</msg>
<status status="PASS" starttime="20210514 18:24:04.926" endtime="20210514 18:24:05.024"/>
</kw>
<status status="PASS" starttime="20210514 18:24:04.926" endtime="20210514 18:24:05.024"/>
</kw>
<kw name="Input Description" library="resource">
<arg>${description}</arg>
<kw name="Input Text" library="SeleniumLibrary">
<arg>description_field</arg>
<arg>${description}</arg>
<doc>Types the given ``text`` into the text field identified by ``locator``.</doc>
<msg timestamp="20210514 18:24:05.024" level="INFO">Typing text 'This is yoga class' into text field 'description_field'.</msg>
<status status="PASS" starttime="20210514 18:24:05.024" endtime="20210514 18:24:05.134"/>
</kw>
<status status="PASS" starttime="20210514 18:24:05.024" endtime="20210514 18:24:05.134"/>
</kw>
<kw name="Input Difficulty" library="resource">
<arg>${difficulty}</arg>
<kw name="Select From List By Value" library="SeleniumLibrary">
<arg>difficulty_field</arg>
<arg>${difficulty}</arg>
<doc>Selects options from selection list ``locator`` by ``values``.</doc>
<msg timestamp="20210514 18:24:05.135" level="INFO">Selecting options from selection list 'difficulty_field' by value 1.</msg>
<status status="PASS" starttime="20210514 18:24:05.135" endtime="20210514 18:24:05.222"/>
</kw>
<status status="PASS" starttime="20210514 18:24:05.134" endtime="20210514 18:24:05.222"/>
</kw>
<kw name="Input Language" library="resource">
<arg>${language}</arg>
<kw name="Select From List By Value" library="SeleniumLibrary">
<arg>language_field</arg>
<arg>${language}</arg>
<doc>Selects options from selection list ``locator`` by ``values``.</doc>
<msg timestamp="20210514 18:24:05.223" level="INFO">Selecting options from selection list 'language_field' by value 1.</msg>
<status status="PASS" starttime="20210514 18:24:05.222" endtime="20210514 18:24:05.304"/>
</kw>
<status status="PASS" starttime="20210514 18:24:05.222" endtime="20210514 18:24:05.304"/>
</kw>
<kw name="Submit Credentials" library="resource">
<kw name="Click Button" library="SeleniumLibrary">
<arg>submit_button</arg>
<doc>Clicks the button identified by ``locator``.</doc>
<msg timestamp="20210514 18:24:05.305" level="INFO">Clicking button 'submit_button'.</msg>
<status status="PASS" starttime="20210514 18:24:05.305" endtime="20210514 18:24:05.406"/>
</kw>
<status status="PASS" starttime="20210514 18:24:05.305" endtime="20210514 18:24:05.407"/>
</kw>
<kw name="Create Class Should Have Failed">
<kw name="Location Should Be" library="SeleniumLibrary">
<arg>${ERROR URL}</arg>
<doc>Verifies that the current URL is exactly ``url``.</doc>
<msg timestamp="20210514 18:24:05.412" level="INFO">Current location is 'http://localhost:7272/classCreationError.html'.</msg>
<status status="PASS" starttime="20210514 18:24:05.407" endtime="20210514 18:24:05.412"/>
</kw>
<kw name="Title Should Be" library="SeleniumLibrary">
<arg>Error Page</arg>
<doc>Verifies that the current page title equals ``title``.</doc>
<msg timestamp="20210514 18:24:05.417" level="INFO">Page title is 'Error Page'.</msg>
<status status="PASS" starttime="20210514 18:24:05.412" endtime="20210514 18:24:05.418"/>
</kw>
<status status="PASS" starttime="20210514 18:24:05.407" endtime="20210514 18:24:05.418"/>
</kw>
<status status="PASS" starttime="20210514 18:24:04.925" endtime="20210514 18:24:05.418"/>
</kw>
<status status="PASS" starttime="20210514 18:24:04.846" endtime="20210514 18:24:05.419"/>
</test>
<test id="s1-s1-t2" name="Empty Description">
<kw name="Go To Create Class Page" library="resource" type="SETUP">
<kw name="Go To" library="SeleniumLibrary">
<arg>${CREATE URL}</arg>
<doc>Navigates the current browser window to the provided ``url``.</doc>
<msg timestamp="20210514 18:24:05.422" level="INFO">Opening url 'http://localhost:7272/createClass.html'</msg>
<status status="PASS" starttime="20210514 18:24:05.422" endtime="20210514 18:24:05.442"/>
</kw>
<kw name="Create Class Should Be Open" library="resource">
<kw name="Title Should Be" library="SeleniumLibrary">
<arg>Create class</arg>
<doc>Verifies that the current page title equals ``title``.</doc>
<msg timestamp="20210514 18:24:05.445" level="INFO">Page title is 'Create class'.</msg>
<status status="PASS" starttime="20210514 18:24:05.442" endtime="20210514 18:24:05.445"/>
</kw>
<status status="PASS" starttime="20210514 18:24:05.442" endtime="20210514 18:24:05.446"/>
</kw>
<status status="PASS" starttime="20210514 18:24:05.421" endtime="20210514 18:24:05.446"/>
</kw>
<kw name="Create Class With Invalid Credentials Should Fail">
<arg>${VALID TITLE}</arg>
<arg>${EMPTY}</arg>
<arg>${VALID DIFFICULTY}</arg>
<arg>${VALID LANGUAGE}</arg>
<kw name="Input Title" library="resource">
<arg>${title}</arg>
<kw name="Input Text" library="SeleniumLibrary">
<arg>title_field</arg>
<arg>${title}</arg>
<doc>Types the given ``text`` into the text field identified by ``locator``.</doc>
<msg timestamp="20210514 18:24:05.449" level="INFO">Typing text 'YogaClass' into text field 'title_field'.</msg>
<status status="PASS" starttime="20210514 18:24:05.449" endtime="20210514 18:24:05.553"/>
</kw>
<status status="PASS" starttime="20210514 18:24:05.448" endtime="20210514 18:24:05.553"/>
</kw>
<kw name="Input Description" library="resource">
<arg>${description}</arg>
<kw name="Input Text" library="SeleniumLibrary">
<arg>description_field</arg>
<arg>${description}</arg>
<doc>Types the given ``text`` into the text field identified by ``locator``.</doc>
<msg timestamp="20210514 18:24:05.554" level="INFO">Typing text '' into text field 'description_field'.</msg>
<status status="PASS" starttime="20210514 18:24:05.553" endtime="20210514 18:24:05.645"/>
</kw>
<status status="PASS" starttime="20210514 18:24:05.553" endtime="20210514 18:24:05.645"/>
</kw>
<kw name="Input Difficulty" library="resource">
<arg>${difficulty}</arg>
<kw name="Select From List By Value" library="SeleniumLibrary">
<arg>difficulty_field</arg>
<arg>${difficulty}</arg>
<doc>Selects options from selection list ``locator`` by ``values``.</doc>
<msg timestamp="20210514 18:24:05.646" level="INFO">Selecting options from selection list 'difficulty_field' by value 1.</msg>
<status status="PASS" starttime="20210514 18:24:05.646" endtime="20210514 18:24:05.712"/>
</kw>
<status status="PASS" starttime="20210514 18:24:05.645" endtime="20210514 18:24:05.712"/>
</kw>
<kw name="Input Language" library="resource">
<arg>${language}</arg>
<kw name="Select From List By Value" library="SeleniumLibrary">
<arg>language_field</arg>
<arg>${language}</arg>
<doc>Selects options from selection list ``locator`` by ``values``.</doc>
<msg timestamp="20210514 18:24:05.713" level="INFO">Selecting options from selection list 'language_field' by value 1.</msg>
<status status="PASS" starttime="20210514 18:24:05.713" endtime="20210514 18:24:05.782"/>
</kw>
<status status="PASS" starttime="20210514 18:24:05.712" endtime="20210514 18:24:05.782"/>
</kw>
<kw name="Submit Credentials" library="resource">
<kw name="Click Button" library="SeleniumLibrary">
<arg>submit_button</arg>
<doc>Clicks the button identified by ``locator``.</doc>
<msg timestamp="20210514 18:24:05.783" level="INFO">Clicking button 'submit_button'.</msg>
<status status="PASS" starttime="20210514 18:24:05.783" endtime="20210514 18:24:05.857"/>
</kw>
<status status="PASS" starttime="20210514 18:24:05.782" endtime="20210514 18:24:05.857"/>
</kw>
<kw name="Create Class Should Have Failed">
<kw name="Location Should Be" library="SeleniumLibrary">
<arg>${ERROR URL}</arg>
<doc>Verifies that the current URL is exactly ``url``.</doc>
<msg timestamp="20210514 18:24:05.864" level="INFO">Current location is 'http://localhost:7272/classCreationError.html'.</msg>
<status status="PASS" starttime="20210514 18:24:05.858" endtime="20210514 18:24:05.864"/>
</kw>
<kw name="Title Should Be" library="SeleniumLibrary">
<arg>Error Page</arg>
<doc>Verifies that the current page title equals ``title``.</doc>
<msg timestamp="20210514 18:24:05.869" level="INFO">Page title is 'Error Page'.</msg>
<status status="PASS" starttime="20210514 18:24:05.864" endtime="20210514 18:24:05.869"/>
</kw>
<status status="PASS" starttime="20210514 18:24:05.858" endtime="20210514 18:24:05.869"/>
</kw>
<status status="PASS" starttime="20210514 18:24:05.447" endtime="20210514 18:24:05.870"/>
</kw>
<status status="PASS" starttime="20210514 18:24:05.421" endtime="20210514 18:24:05.870"/>
</test>
<test id="s1-s1-t3" name="Empty Difficulty">
<kw name="Go To Create Class Page" library="resource" type="SETUP">
<kw name="Go To" library="SeleniumLibrary">
<arg>${CREATE URL}</arg>
<doc>Navigates the current browser window to the provided ``url``.</doc>
<msg timestamp="20210514 18:24:05.872" level="INFO">Opening url 'http://localhost:7272/createClass.html'</msg>
<status status="PASS" starttime="20210514 18:24:05.872" endtime="20210514 18:24:05.894"/>
</kw>
<kw name="Create Class Should Be Open" library="resource">
<kw name="Title Should Be" library="SeleniumLibrary">
<arg>Create class</arg>
<doc>Verifies that the current page title equals ``title``.</doc>
<msg timestamp="20210514 18:24:05.900" level="INFO">Page title is 'Create class'.</msg>
<status status="PASS" starttime="20210514 18:24:05.894" endtime="20210514 18:24:05.900"/>
</kw>
<status status="PASS" starttime="20210514 18:24:05.894" endtime="20210514 18:24:05.900"/>
</kw>
<status status="PASS" starttime="20210514 18:24:05.872" endtime="20210514 18:24:05.900"/>
</kw>
<kw name="Create Class With Invalid Credentials Should Fail">
<arg>${VALID TITLE}</arg>
<arg>${VALID DESCRIPTION}</arg>
<arg>${EMPTY DIFFICULTY}</arg>
<arg>${VALID LANGUAGE}</arg>
<kw name="Input Title" library="resource">
<arg>${title}</arg>
<kw name="Input Text" library="SeleniumLibrary">
<arg>title_field</arg>
<arg>${title}</arg>
<doc>Types the given ``text`` into the text field identified by ``locator``.</doc>
<msg timestamp="20210514 18:24:05.902" level="INFO">Typing text 'YogaClass' into text field 'title_field'.</msg>
<status status="PASS" starttime="20210514 18:24:05.902" endtime="20210514 18:24:06.004"/>
</kw>
<status status="PASS" starttime="20210514 18:24:05.901" endtime="20210514 18:24:06.004"/>
</kw>
<kw name="Input Description" library="resource">
<arg>${description}</arg>
<kw name="Input Text" library="SeleniumLibrary">
<arg>description_field</arg>
<arg>${description}</arg>
<doc>Types the given ``text`` into the text field identified by ``locator``.</doc>
<msg timestamp="20210514 18:24:06.005" level="INFO">Typing text 'This is yoga class' into text field 'description_field'.</msg>
<status status="PASS" starttime="20210514 18:24:06.005" endtime="20210514 18:24:06.107"/>
</kw>
<status status="PASS" starttime="20210514 18:24:06.005" endtime="20210514 18:24:06.107"/>
</kw>
<kw name="Input Difficulty" library="resource">
<arg>${difficulty}</arg>
<kw name="Select From List By Value" library="SeleniumLibrary">
<arg>difficulty_field</arg>
<arg>${difficulty}</arg>
<doc>Selects options from selection list ``locator`` by ``values``.</doc>
<msg timestamp="20210514 18:24:06.107" level="INFO">Selecting options from selection list 'difficulty_field' by value 0.</msg>
<status status="PASS" starttime="20210514 18:24:06.107" endtime="20210514 18:24:06.153"/>
</kw>
<status status="PASS" starttime="20210514 18:24:06.107" endtime="20210514 18:24:06.153"/>
</kw>
<kw name="Input Language" library="resource">
<arg>${language}</arg>
<kw name="Select From List By Value" library="SeleniumLibrary">
<arg>language_field</arg>
<arg>${language}</arg>
<doc>Selects options from selection list ``locator`` by ``values``.</doc>
<msg timestamp="20210514 18:24:06.154" level="INFO">Selecting options from selection list 'language_field' by value 1.</msg>
<status status="PASS" starttime="20210514 18:24:06.154" endtime="20210514 18:24:06.225"/>
</kw>
<status status="PASS" starttime="20210514 18:24:06.154" endtime="20210514 18:24:06.226"/>
</kw>
<kw name="Submit Credentials" library="resource">
<kw name="Click Button" library="SeleniumLibrary">
<arg>submit_button</arg>
<doc>Clicks the button identified by ``locator``.</doc>
<msg timestamp="20210514 18:24:06.226" level="INFO">Clicking button 'submit_button'.</msg>
<status status="PASS" starttime="20210514 18:24:06.226" endtime="20210514 18:24:06.306"/>
</kw>
<status status="PASS" starttime="20210514 18:24:06.226" endtime="20210514 18:24:06.306"/>
</kw>
<kw name="Create Class Should Have Failed">
<kw name="Location Should Be" library="SeleniumLibrary">
<arg>${ERROR URL}</arg>
<doc>Verifies that the current URL is exactly ``url``.</doc>
<msg timestamp="20210514 18:24:06.310" level="INFO">Current location is 'http://localhost:7272/classCreationError.html'.</msg>
<status status="PASS" starttime="20210514 18:24:06.307" endtime="20210514 18:24:06.310"/>
</kw>
<kw name="Title Should Be" library="SeleniumLibrary">
<arg>Error Page</arg>
<doc>Verifies that the current page title equals ``title``.</doc>
<msg timestamp="20210514 18:24:06.316" level="INFO">Page title is 'Error Page'.</msg>
<status status="PASS" starttime="20210514 18:24:06.310" endtime="20210514 18:24:06.316"/>
</kw>
<status status="PASS" starttime="20210514 18:24:06.306" endtime="20210514 18:24:06.316"/>
</kw>
<status status="PASS" starttime="20210514 18:24:05.901" endtime="20210514 18:24:06.316"/>
</kw>
<status status="PASS" starttime="20210514 18:24:05.871" endtime="20210514 18:24:06.317"/>
</test>
<test id="s1-s1-t4" name="Empty Language">
<kw name="Go To Create Class Page" library="resource" type="SETUP">
<kw name="Go To" library="SeleniumLibrary">
<arg>${CREATE URL}</arg>
<doc>Navigates the current browser window to the provided ``url``.</doc>
<msg timestamp="20210514 18:24:06.320" level="INFO">Opening url 'http://localhost:7272/createClass.html'</msg>
<status status="PASS" starttime="20210514 18:24:06.320" endtime="20210514 18:24:06.342"/>
</kw>
<kw name="Create Class Should Be Open" library="resource">
<kw name="Title Should Be" library="SeleniumLibrary">
<arg>Create class</arg>
<doc>Verifies that the current page title equals ``title``.</doc>
<msg timestamp="20210514 18:24:06.348" level="INFO">Page title is 'Create class'.</msg>
<status status="PASS" starttime="20210514 18:24:06.342" endtime="20210514 18:24:06.348"/>
</kw>
<status status="PASS" starttime="20210514 18:24:06.342" endtime="20210514 18:24:06.348"/>
</kw>
<status status="PASS" starttime="20210514 18:24:06.319" endtime="20210514 18:24:06.348"/>
</kw>
<kw name="Create Class With Invalid Credentials Should Fail">
<arg>${VALID TITLE}</arg>
<arg>${VALID DESCRIPTION}</arg>
<arg>${VALID DIFFICULTY}</arg>
<arg>${EMPTY LANGUAGE}</arg>
<kw name="Input Title" library="resource">
<arg>${title}</arg>
<kw name="Input Text" library="SeleniumLibrary">
<arg>title_field</arg>
<arg>${title}</arg>
<doc>Types the given ``text`` into the text field identified by ``locator``.</doc>
<msg timestamp="20210514 18:24:06.350" level="INFO">Typing text 'YogaClass' into text field 'title_field'.</msg>
<status status="PASS" starttime="20210514 18:24:06.349" endtime="20210514 18:24:06.454"/>
</kw>
<status status="PASS" starttime="20210514 18:24:06.349" endtime="20210514 18:24:06.455"/>
</kw>
<kw name="Input Description" library="resource">
<arg>${description}</arg>
<kw name="Input Text" library="SeleniumLibrary">
<arg>description_field</arg>
<arg>${description}</arg>
<doc>Types the given ``text`` into the text field identified by ``locator``.</doc>
<msg timestamp="20210514 18:24:06.455" level="INFO">Typing text 'This is yoga class' into text field 'description_field'.</msg>
<status status="PASS" starttime="20210514 18:24:06.455" endtime="20210514 18:24:06.559"/>
</kw>
<status status="PASS" starttime="20210514 18:24:06.455" endtime="20210514 18:24:06.560"/>
</kw>
<kw name="Input Difficulty" library="resource">
<arg>${difficulty}</arg>
<kw name="Select From List By Value" library="SeleniumLibrary">
<arg>difficulty_field</arg>
<arg>${difficulty}</arg>
<doc>Selects options from selection list ``locator`` by ``values``.</doc>
<msg timestamp="20210514 18:24:06.560" level="INFO">Selecting options from selection list 'difficulty_field' by value 1.</msg>
<status status="PASS" starttime="20210514 18:24:06.560" endtime="20210514 18:24:06.631"/>
</kw>
<status status="PASS" starttime="20210514 18:24:06.560" endtime="20210514 18:24:06.632"/>
</kw>
<kw name="Input Language" library="resource">
<arg>${language}</arg>
<kw name="Select From List By Value" library="SeleniumLibrary">
<arg>language_field</arg>
<arg>${language}</arg>
<doc>Selects options from selection list ``locator`` by ``values``.</doc>
<msg timestamp="20210514 18:24:06.632" level="INFO">Selecting options from selection list 'language_field' by value 0.</msg>
<status status="PASS" starttime="20210514 18:24:06.632" endtime="20210514 18:24:06.680"/>
</kw>
<status status="PASS" starttime="20210514 18:24:06.632" endtime="20210514 18:24:06.680"/>
</kw>
<kw name="Submit Credentials" library="resource">
<kw name="Click Button" library="SeleniumLibrary">
<arg>submit_button</arg>
<doc>Clicks the button identified by ``locator``.</doc>
<msg timestamp="20210514 18:24:06.681" level="INFO">Clicking button 'submit_button'.</msg>
<status status="PASS" starttime="20210514 18:24:06.680" endtime="20210514 18:24:06.754"/>
</kw>
<status status="PASS" starttime="20210514 18:24:06.680" endtime="20210514 18:24:06.755"/>
</kw>
<kw name="Create Class Should Have Failed">
<kw name="Location Should Be" library="SeleniumLibrary">
<arg>${ERROR URL}</arg>
<doc>Verifies that the current URL is exactly ``url``.</doc>
<msg timestamp="20210514 18:24:06.761" level="INFO">Current location is 'http://localhost:7272/classCreationError.html'.</msg>
<status status="PASS" starttime="20210514 18:24:06.755" endtime="20210514 18:24:06.761"/>
</kw>
<kw name="Title Should Be" library="SeleniumLibrary">
<arg>Error Page</arg>
<doc>Verifies that the current page title equals ``title``.</doc>
<msg timestamp="20210514 18:24:06.766" level="INFO">Page title is 'Error Page'.</msg>
<status status="PASS" starttime="20210514 18:24:06.761" endtime="20210514 18:24:06.766"/>
</kw>
<status status="PASS" starttime="20210514 18:24:06.755" endtime="20210514 18:24:06.766"/>
</kw>
<status status="PASS" starttime="20210514 18:24:06.349" endtime="20210514 18:24:06.766"/>
</kw>
<status status="PASS" starttime="20210514 18:24:06.319" endtime="20210514 18:24:06.767"/>
</test>
<test id="s1-s1-t5" name="Empty Title And Description">
<kw name="Go To Create Class Page" library="resource" type="SETUP">
<kw name="Go To" library="SeleniumLibrary">
<arg>${CREATE URL}</arg>
<doc>Navigates the current browser window to the provided ``url``.</doc>
<msg timestamp="20210514 18:24:06.769" level="INFO">Opening url 'http://localhost:7272/createClass.html'</msg>
<status status="PASS" starttime="20210514 18:24:06.769" endtime="20210514 18:24:06.790"/>
</kw>
<kw name="Create Class Should Be Open" library="resource">
<kw name="Title Should Be" library="SeleniumLibrary">
<arg>Create class</arg>
<doc>Verifies that the current page title equals ``title``.</doc>
<msg timestamp="20210514 18:24:06.795" level="INFO">Page title is 'Create class'.</msg>
<status status="PASS" starttime="20210514 18:24:06.791" endtime="20210514 18:24:06.795"/>
</kw>
<status status="PASS" starttime="20210514 18:24:06.790" endtime="20210514 18:24:06.796"/>
</kw>
<status status="PASS" starttime="20210514 18:24:06.769" endtime="20210514 18:24:06.796"/>
</kw>
<kw name="Create Class With Invalid Credentials Should Fail">
<arg>${EMPTY}</arg>
<arg>${EMPTY}</arg>
<arg>${VALID DIFFICULTY}</arg>
<arg>${VALID LANGUAGE}</arg>
<kw name="Input Title" library="resource">
<arg>${title}</arg>
<kw name="Input Text" library="SeleniumLibrary">
<arg>title_field</arg>
<arg>${title}</arg>
<doc>Types the given ``text`` into the text field identified by ``locator``.</doc>
<msg timestamp="20210514 18:24:06.798" level="INFO">Typing text '' into text field 'title_field'.</msg>
<status status="PASS" starttime="20210514 18:24:06.798" endtime="20210514 18:24:06.889"/>
</kw>
<status status="PASS" starttime="20210514 18:24:06.798" endtime="20210514 18:24:06.889"/>
</kw>
<kw name="Input Description" library="resource">
<arg>${description}</arg>
<kw name="Input Text" library="SeleniumLibrary">
<arg>description_field</arg>
<arg>${description}</arg>
<doc>Types the given ``text`` into the text field identified by ``locator``.</doc>
<msg timestamp="20210514 18:24:06.890" level="INFO">Typing text '' into text field 'description_field'.</msg>
<status status="PASS" starttime="20210514 18:24:06.889" endtime="20210514 18:24:06.977"/>
</kw>
<status status="PASS" starttime="20210514 18:24:06.889" endtime="20210514 18:24:06.977"/>
</kw>
<kw name="Input Difficulty" library="resource">
<arg>${difficulty}</arg>
<kw name="Select From List By Value" library="SeleniumLibrary">
<arg>difficulty_field</arg>
<arg>${difficulty}</arg>
<doc>Selects options from selection list ``locator`` by ``values``.</doc>
<msg timestamp="20210514 18:24:06.977" level="INFO">Selecting options from selection list 'difficulty_field' by value 1.</msg>
<status status="PASS" starttime="20210514 18:24:06.977" endtime="20210514 18:24:07.047"/>
</kw>
<status status="PASS" starttime="20210514 18:24:06.977" endtime="20210514 18:24:07.047"/>
</kw>
<kw name="Input Language" library="resource">
<arg>${language}</arg>
<kw name="Select From List By Value" library="SeleniumLibrary">
<arg>language_field</arg>
<arg>${language}</arg>
<doc>Selects options from selection list ``locator`` by ``values``.</doc>
<msg timestamp="20210514 18:24:07.049" level="INFO">Selecting options from selection list 'language_field' by value 1.</msg>
<status status="PASS" starttime="20210514 18:24:07.048" endtime="20210514 18:24:07.124"/>
</kw>
<status status="PASS" starttime="20210514 18:24:07.048" endtime="20210514 18:24:07.125"/>
</kw>
<kw name="Submit Credentials" library="resource">
<kw name="Click Button" library="SeleniumLibrary">
<arg>submit_button</arg>
<doc>Clicks the button identified by ``locator``.</doc>
<msg timestamp="20210514 18:24:07.125" level="INFO">Clicking button 'submit_button'.</msg>
<status status="PASS" starttime="20210514 18:24:07.125" endtime="20210514 18:24:07.203"/>
</kw>
<status status="PASS" starttime="20210514 18:24:07.125" endtime="20210514 18:24:07.203"/>
</kw>
<kw name="Create Class Should Have Failed">
<kw name="Location Should Be" library="SeleniumLibrary">
<arg>${ERROR URL}</arg>
<doc>Verifies that the current URL is exactly ``url``.</doc>
<msg timestamp="20210514 18:24:07.208" level="INFO">Current location is 'http://localhost:7272/classCreationError.html'.</msg>
<status status="PASS" starttime="20210514 18:24:07.203" endtime="20210514 18:24:07.208"/>
</kw>
<kw name="Title Should Be" library="SeleniumLibrary">
<arg>Error Page</arg>
<doc>Verifies that the current page title equals ``title``.</doc>
<msg timestamp="20210514 18:24:07.213" level="INFO">Page title is 'Error Page'.</msg>
<status status="PASS" starttime="20210514 18:24:07.209" endtime="20210514 18:24:07.213"/>
</kw>
<status status="PASS" starttime="20210514 18:24:07.203" endtime="20210514 18:24:07.213"/>
</kw>
<status status="PASS" starttime="20210514 18:24:06.797" endtime="20210514 18:24:07.213"/>
</kw>
<status status="PASS" starttime="20210514 18:24:06.768" endtime="20210514 18:24:07.214"/>
</test>
<test id="s1-s1-t6" name="Empty Title And Difficulty">
<kw name="Go To Create Class Page" library="resource" type="SETUP">
<kw name="Go To" library="SeleniumLibrary">
<arg>${CREATE URL}</arg>
<doc>Navigates the current browser window to the provided ``url``.</doc>
<msg timestamp="20210514 18:24:07.217" level="INFO">Opening url 'http://localhost:7272/createClass.html'</msg>
<status status="PASS" starttime="20210514 18:24:07.217" endtime="20210514 18:24:07.239"/>
</kw>
<kw name="Create Class Should Be Open" library="resource">
<kw name="Title Should Be" library="SeleniumLibrary">
<arg>Create class</arg>
<doc>Verifies that the current page title equals ``title``.</doc>
<msg timestamp="20210514 18:24:07.244" level="INFO">Page title is 'Create class'.</msg>
<status status="PASS" starttime="20210514 18:24:07.240" endtime="20210514 18:24:07.244"/>
</kw>
<status status="PASS" starttime="20210514 18:24:07.239" endtime="20210514 18:24:07.244"/>
</kw>
<status status="PASS" starttime="20210514 18:24:07.216" endtime="20210514 18:24:07.244"/>
</kw>
<kw name="Create Class With Invalid Credentials Should Fail">
<arg>${EMPTY}</arg>
<arg>${VALID DESCRIPTION}</arg>
<arg>${EMPTY DIFFICULTY}</arg>
<arg>${VALID LANGUAGE}</arg>
<kw name="Input Title" library="resource">
<arg>${title}</arg>
<kw name="Input Text" library="SeleniumLibrary">
<arg>title_field</arg>
<arg>${title}</arg>
<doc>Types the given ``text`` into the text field identified by ``locator``.</doc>
<msg timestamp="20210514 18:24:07.247" level="INFO">Typing text '' into text field 'title_field'.</msg>
<status status="PASS" starttime="20210514 18:24:07.247" endtime="20210514 18:24:07.339"/>
</kw>
<status status="PASS" starttime="20210514 18:24:07.247" endtime="20210514 18:24:07.339"/>
</kw>
<kw name="Input Description" library="resource">
<arg>${description}</arg>
<kw name="Input Text" library="SeleniumLibrary">
<arg>description_field</arg>
<arg>${description}</arg>
<doc>Types the given ``text`` into the text field identified by ``locator``.</doc>
<msg timestamp="20210514 18:24:07.340" level="INFO">Typing text 'This is yoga class' into text field 'description_field'.</msg>
<status status="PASS" starttime="20210514 18:24:07.340" endtime="20210514 18:24:07.443"/>
</kw>
<status status="PASS" starttime="20210514 18:24:07.340" endtime="20210514 18:24:07.443"/>
</kw>
<kw name="Input Difficulty" library="resource">
<arg>${difficulty}</arg>
<kw name="Select From List By Value" library="SeleniumLibrary">
<arg>difficulty_field</arg>
<arg>${difficulty}</arg>
<doc>Selects options from selection list ``locator`` by ``values``.</doc>
<msg timestamp="20210514 18:24:07.444" level="INFO">Selecting options from selection list 'difficulty_field' by value 0.</msg>
<status status="PASS" starttime="20210514 18:24:07.444" endtime="20210514 18:24:07.487"/>
</kw>
<status status="PASS" starttime="20210514 18:24:07.443" endtime="20210514 18:24:07.487"/>
</kw>
<kw name="Input Language" library="resource">
<arg>${language}</arg>
<kw name="Select From List By Value" library="SeleniumLibrary">
<arg>language_field</arg>
<arg>${language}</arg>
<doc>Selects options from selection list ``locator`` by ``values``.</doc>
<msg timestamp="20210514 18:24:07.488" level="INFO">Selecting options from selection list 'language_field' by value 1.</msg>
<status status="PASS" starttime="20210514 18:24:07.488" endtime="20210514 18:24:07.568"/>
</kw>
<status status="PASS" starttime="20210514 18:24:07.487" endtime="20210514 18:24:07.569"/>
</kw>
<kw name="Submit Credentials" library="resource">
<kw name="Click Button" library="SeleniumLibrary">
<arg>submit_button</arg>
<doc>Clicks the button identified by ``locator``.</doc>
<msg timestamp="20210514 18:24:07.569" level="INFO">Clicking button 'submit_button'.</msg>
<status status="PASS" starttime="20210514 18:24:07.569" endtime="20210514 18:24:07.658"/>
</kw>
<status status="PASS" starttime="20210514 18:24:07.569" endtime="20210514 18:24:07.658"/>
</kw>
<kw name="Create Class Should Have Failed">
<kw name="Location Should Be" library="SeleniumLibrary">
<arg>${ERROR URL}</arg>
<doc>Verifies that the current URL is exactly ``url``.</doc>
<msg timestamp="20210514 18:24:07.665" level="INFO">Current location is 'http://localhost:7272/classCreationError.html'.</msg>
<status status="PASS" starttime="20210514 18:24:07.658" endtime="20210514 18:24:07.665"/>
</kw>
<kw name="Title Should Be" library="SeleniumLibrary">
<arg>Error Page</arg>
<doc>Verifies that the current page title equals ``title``.</doc>
<msg timestamp="20210514 18:24:07.669" level="INFO">Page title is 'Error Page'.</msg>
<status status="PASS" starttime="20210514 18:24:07.665" endtime="20210514 18:24:07.670"/>
</kw>
<status status="PASS" starttime="20210514 18:24:07.658" endtime="20210514 18:24:07.670"/>
</kw>
<status status="PASS" starttime="20210514 18:24:07.245" endtime="20210514 18:24:07.670"/>
</kw>
<status status="PASS" starttime="20210514 18:24:07.216" endtime="20210514 18:24:07.670"/>
</test>
<test id="s1-s1-t7" name="Empty Title And Language">
<kw name="Go To Create Class Page" library="resource" type="SETUP">
<kw name="Go To" library="SeleniumLibrary">
<arg>${CREATE URL}</arg>
<doc>Navigates the current browser window to the provided ``url``.</doc>
<msg timestamp="20210514 18:24:07.674" level="INFO">Opening url 'http://localhost:7272/createClass.html'</msg>
<status status="PASS" starttime="20210514 18:24:07.673" endtime="20210514 18:24:07.714"/>
</kw>
<kw name="Create Class Should Be Open" library="resource">
<kw name="Title Should Be" library="SeleniumLibrary">
<arg>Create class</arg>
<doc>Verifies that the current page title equals ``title``.</doc>
<msg timestamp="20210514 18:24:07.720" level="INFO">Page title is 'Create class'.</msg>
<status status="PASS" starttime="20210514 18:24:07.715" endtime="20210514 18:24:07.720"/>
</kw>
<status status="PASS" starttime="20210514 18:24:07.714" endtime="20210514 18:24:07.721"/>
</kw>
<status status="PASS" starttime="20210514 18:24:07.673" endtime="20210514 18:24:07.721"/>
</kw>
<kw name="Create Class With Invalid Credentials Should Fail">
<arg>${EMPTY}</arg>
<arg>${VALID DESCRIPTION}</arg>
<arg>${VALID DIFFICULTY}</arg>
<arg>${EMPTY LANGUAGE}</arg>
<kw name="Input Title" library="resource">
<arg>${title}</arg>
<kw name="Input Text" library="SeleniumLibrary">
<arg>title_field</arg>
<arg>${title}</arg>
<doc>Types the given ``text`` into the text field identified by ``locator``.</doc>
<msg timestamp="20210514 18:24:07.724" level="INFO">Typing text '' into text field 'title_field'.</msg>
<status status="PASS" starttime="20210514 18:24:07.724" endtime="20210514 18:24:07.829"/>
</kw>
<status status="PASS" starttime="20210514 18:24:07.723" endtime="20210514 18:24:07.829"/>
</kw>
<kw name="Input Description" library="resource">
<arg>${description}</arg>
<kw name="Input Text" library="SeleniumLibrary">
<arg>description_field</arg>
<arg>${description}</arg>
<doc>Types the given ``text`` into the text field identified by ``locator``.</doc>
<msg timestamp="20210514 18:24:07.830" level="INFO">Typing text 'This is yoga class' into text field 'description_field'.</msg>
<status status="PASS" starttime="20210514 18:24:07.830" endtime="20210514 18:24:07.933"/>
</kw>
<status status="PASS" starttime="20210514 18:24:07.829" endtime="20210514 18:24:07.933"/>
</kw>
<kw name="Input Difficulty" library="resource">
<arg>${difficulty}</arg>
<kw name="Select From List By Value" library="SeleniumLibrary">
<arg>difficulty_field</arg>
<arg>${difficulty}</arg>
<doc>Selects options from selection list ``locator`` by ``values``.</doc>
<msg timestamp="20210514 18:24:07.934" level="INFO">Selecting options from selection list 'difficulty_field' by value 1.</msg>
<status status="PASS" starttime="20210514 18:24:07.934" endtime="20210514 18:24:08.007"/>
</kw>
<status status="PASS" starttime="20210514 18:24:07.933" endtime="20210514 18:24:08.007"/>
</kw>
<kw name="Input Language" library="resource">
<arg>${language}</arg>
<kw name="Select From List By Value" library="SeleniumLibrary">
<arg>language_field</arg>
<arg>${language}</arg>
<doc>Selects options from selection list ``locator`` by ``values``.</doc>
<msg timestamp="20210514 18:24:08.008" level="INFO">Selecting options from selection list 'language_field' by value 0.</msg>
<status status="PASS" starttime="20210514 18:24:08.007" endtime="20210514 18:24:08.054"/>
</kw>
<status status="PASS" starttime="20210514 18:24:08.007" endtime="20210514 18:24:08.054"/>
</kw>
<kw name="Submit Credentials" library="resource">
<kw name="Click Button" library="SeleniumLibrary">
<arg>submit_button</arg>
<doc>Clicks the button identified by ``locator``.</doc>
<msg timestamp="20210514 18:24:08.055" level="INFO">Clicking button 'submit_button'.</msg>
<status status="PASS" starttime="20210514 18:24:08.055" endtime="20210514 18:24:08.141"/>
</kw>
<status status="PASS" starttime="20210514 18:24:08.054" endtime="20210514 18:24:08.142"/>
</kw>
<kw name="Create Class Should Have Failed">
<kw name="Location Should Be" library="SeleniumLibrary">
<arg>${ERROR URL}</arg>
<doc>Verifies that the current URL is exactly ``url``.</doc>
<msg timestamp="20210514 18:24:08.147" level="INFO">Current location is 'http://localhost:7272/classCreationError.html'.</msg>
<status status="PASS" starttime="20210514 18:24:08.142" endtime="20210514 18:24:08.147"/>
</kw>
<kw name="Title Should Be" library="SeleniumLibrary">
<arg>Error Page</arg>
<doc>Verifies that the current page title equals ``title``.</doc>
<msg timestamp="20210514 18:24:08.152" level="INFO">Page title is 'Error Page'.</msg>
<status status="PASS" starttime="20210514 18:24:08.147" endtime="20210514 18:24:08.152"/>
</kw>
<status status="PASS" starttime="20210514 18:24:08.142" endtime="20210514 18:24:08.152"/>
</kw>
<status status="PASS" starttime="20210514 18:24:07.722" endtime="20210514 18:24:08.152"/>
</kw>
<status status="PASS" starttime="20210514 18:24:07.672" endtime="20210514 18:24:08.153"/>
</test>
<test id="s1-s1-t8" name="Empty Description And Difficulty">
<kw name="Go To Create Class Page" library="resource" type="SETUP">
<kw name="Go To" library="SeleniumLibrary">
<arg>${CREATE URL}</arg>
<doc>Navigates the current browser window to the provided ``url``.</doc>
<msg timestamp="20210514 18:24:08.155" level="INFO">Opening url 'http://localhost:7272/createClass.html'</msg>
<status status="PASS" starttime="20210514 18:24:08.155" endtime="20210514 18:24:08.177"/>
</kw>
<kw name="Create Class Should Be Open" library="resource">
<kw name="Title Should Be" library="SeleniumLibrary">
<arg>Create class</arg>
<doc>Verifies that the current page title equals ``title``.</doc>
<msg timestamp="20210514 18:24:08.183" level="INFO">Page title is 'Create class'.</msg>
<status status="PASS" starttime="20210514 18:24:08.177" endtime="20210514 18:24:08.183"/>
</kw>
<status status="PASS" starttime="20210514 18:24:08.177" endtime="20210514 18:24:08.183"/>
</kw>
<status status="PASS" starttime="20210514 18:24:08.154" endtime="20210514 18:24:08.183"/>
</kw>
<kw name="Create Class With Invalid Credentials Should Fail">
<arg>${VALID TITLE}</arg>
<arg>${EMPTY}</arg>
<arg>${EMPTY DIFFICULTY}</arg>
<arg>${VALID LANGUAGE}</arg>
<kw name="Input Title" library="resource">
<arg>${title}</arg>
<kw name="Input Text" library="SeleniumLibrary">
<arg>title_field</arg>
<arg>${title}</arg>
<doc>Types the given ``text`` into the text field identified by ``locator``.</doc>
<msg timestamp="20210514 18:24:08.185" level="INFO">Typing text 'YogaClass' into text field 'title_field'.</msg>
<status status="PASS" starttime="20210514 18:24:08.185" endtime="20210514 18:24:08.302"/>
</kw>
<status status="PASS" starttime="20210514 18:24:08.185" endtime="20210514 18:24:08.302"/>
</kw>
<kw name="Input Description" library="resource">
<arg>${description}</arg>
<kw name="Input Text" library="SeleniumLibrary">
<arg>description_field</arg>
<arg>${description}</arg>
<doc>Types the given ``text`` into the text field identified by ``locator``.</doc>
<msg timestamp="20210514 18:24:08.303" level="INFO">Typing text '' into text field 'description_field'.</msg>
<status status="PASS" starttime="20210514 18:24:08.303" endtime="20210514 18:24:08.398"/>
</kw>
<status status="PASS" starttime="20210514 18:24:08.302" endtime="20210514 18:24:08.398"/>
</kw>
<kw name="Input Difficulty" library="resource">
<arg>${difficulty}</arg>
<kw name="Select From List By Value" library="SeleniumLibrary">
<arg>difficulty_field</arg>
<arg>${difficulty}</arg>
<doc>Selects options from selection list ``locator`` by ``values``.</doc>
<msg timestamp="20210514 18:24:08.399" level="INFO">Selecting options from selection list 'difficulty_field' by value 0.</msg>
<status status="PASS" starttime="20210514 18:24:08.399" endtime="20210514 18:24:08.448"/>
</kw>
<status status="PASS" starttime="20210514 18:24:08.399" endtime="20210514 18:24:08.448"/>
</kw>
<kw name="Input Language" library="resource">
<arg>${language}</arg>
<kw name="Select From List By Value" library="SeleniumLibrary">
<arg>language_field</arg>
<arg>${language}</arg>
<doc>Selects options from selection list ``locator`` by ``values``.</doc>
<msg timestamp="20210514 18:24:08.449" level="INFO">Selecting options from selection list 'language_field' by value 1.</msg>
<status status="PASS" starttime="20210514 18:24:08.449" endtime="20210514 18:24:08.528"/>
</kw>
<status status="PASS" starttime="20210514 18:24:08.448" endtime="20210514 18:24:08.529"/>
</kw>
<kw name="Submit Credentials" library="resource">
<kw name="Click Button" library="SeleniumLibrary">
<arg>submit_button</arg>
<doc>Clicks the button identified by ``locator``.</doc>
<msg timestamp="20210514 18:24:08.529" level="INFO">Clicking button 'submit_button'.</msg>
<status status="PASS" starttime="20210514 18:24:08.529" endtime="20210514 18:24:08.608"/>
</kw>
<status status="PASS" starttime="20210514 18:24:08.529" endtime="20210514 18:24:08.608"/>
</kw>
<kw name="Create Class Should Have Failed">
<kw name="Location Should Be" library="SeleniumLibrary">
<arg>${ERROR URL}</arg>
<doc>Verifies that the current URL is exactly ``url``.</doc>
<msg timestamp="20210514 18:24:08.614" level="INFO">Current location is 'http://localhost:7272/classCreationError.html'.</msg>
<status status="PASS" starttime="20210514 18:24:08.609" endtime="20210514 18:24:08.615"/>
</kw>
<kw name="Title Should Be" library="SeleniumLibrary">
<arg>Error Page</arg>
<doc>Verifies that the current page title equals ``title``.</doc>
<msg timestamp="20210514 18:24:08.619" level="INFO">Page title is 'Error Page'.</msg>
<status status="PASS" starttime="20210514 18:24:08.615" endtime="20210514 18:24:08.619"/>
</kw>
<status status="PASS" starttime="20210514 18:24:08.608" endtime="20210514 18:24:08.619"/>
</kw>
<status status="PASS" starttime="20210514 18:24:08.184" endtime="20210514 18:24:08.619"/>
</kw>
<status status="PASS" starttime="20210514 18:24:08.154" endtime="20210514 18:24:08.620"/>
</test>
<test id="s1-s1-t9" name="Empty Description And Language">
<kw name="Go To Create Class Page" library="resource" type="SETUP">
<kw name="Go To" library="SeleniumLibrary">
<arg>${CREATE URL}</arg>
<doc>Navigates the current browser window to the provided ``url``.</doc>
<msg timestamp="20210514 18:24:08.622" level="INFO">Opening url 'http://localhost:7272/createClass.html'</msg>
<status status="PASS" starttime="20210514 18:24:08.621" endtime="20210514 18:24:08.642"/>
</kw>
<kw name="Create Class Should Be Open" library="resource">
<kw name="Title Should Be" library="SeleniumLibrary">
<arg>Create class</arg>
<doc>Verifies that the current page title equals ``title``.</doc>
<msg timestamp="20210514 18:24:08.647" level="INFO">Page title is 'Create class'.</msg>
<status status="PASS" starttime="20210514 18:24:08.642" endtime="20210514 18:24:08.648"/>
</kw>
<status status="PASS" starttime="20210514 18:24:08.642" endtime="20210514 18:24:08.648"/>
</kw>
<status status="PASS" starttime="20210514 18:24:08.621" endtime="20210514 18:24:08.648"/>
</kw>
<kw name="Create Class With Invalid Credentials Should Fail">
<arg>${VALID TITLE}</arg>
<arg>${EMPTY}</arg>
<arg>${VALID DIFFICULTY}</arg>
<arg>${EMPTY LANGUAGE}</arg>
<kw name="Input Title" library="resource">
<arg>${title}</arg>
<kw name="Input Text" library="SeleniumLibrary">
<arg>title_field</arg>
<arg>${title}</arg>
<doc>Types the given ``text`` into the text field identified by ``locator``.</doc>
<msg timestamp="20210514 18:24:08.650" level="INFO">Typing text 'YogaClass' into text field 'title_field'.</msg>
<status status="PASS" starttime="20210514 18:24:08.650" endtime="20210514 18:24:08.768"/>
</kw>
<status status="PASS" starttime="20210514 18:24:08.649" endtime="20210514 18:24:08.768"/>
</kw>
<kw name="Input Description" library="resource">
<arg>${description}</arg>
<kw name="Input Text" library="SeleniumLibrary">
<arg>description_field</arg>
<arg>${description}</arg>
<doc>Types the given ``text`` into the text field identified by ``locator``.</doc>
<msg timestamp="20210514 18:24:08.769" level="INFO">Typing text '' into text field 'description_field'.</msg>
<status status="PASS" starttime="20210514 18:24:08.768" endtime="20210514 18:24:08.875"/>
</kw>
<status status="PASS" starttime="20210514 18:24:08.768" endtime="20210514 18:24:08.875"/>
</kw>
<kw name="Input Difficulty" library="resource">
<arg>${difficulty}</arg>
<kw name="Select From List By Value" library="SeleniumLibrary">
<arg>difficulty_field</arg>
<arg>${difficulty}</arg>
<doc>Selects options from selection list ``locator`` by ``values``.</doc>
<msg timestamp="20210514 18:24:08.876" level="INFO">Selecting options from selection list 'difficulty_field' by value 1.</msg>
<status status="PASS" starttime="20210514 18:24:08.875" endtime="20210514 18:24:08.959"/>
</kw>
<status status="PASS" starttime="20210514 18:24:08.875" endtime="20210514 18:24:08.959"/>
</kw>
<kw name="Input Language" library="resource">
<arg>${language}</arg>
<kw name="Select From List By Value" library="SeleniumLibrary">
<arg>language_field</arg>
<arg>${language}</arg>
<doc>Selects options from selection list ``locator`` by ``values``.</doc>
<msg timestamp="20210514 18:24:08.959" level="INFO">Selecting options from selection list 'language_field' by value 0.</msg>
<status status="PASS" starttime="20210514 18:24:08.959" endtime="20210514 18:24:09.007"/>
</kw>
<status status="PASS" starttime="20210514 18:24:08.959" endtime="20210514 18:24:09.007"/>
</kw>
<kw name="Submit Credentials" library="resource">
<kw name="Click Button" library="SeleniumLibrary">
<arg>submit_button</arg>
<doc>Clicks the button identified by ``locator``.</doc>
<msg timestamp="20210514 18:24:09.007" level="INFO">Clicking button 'submit_button'.</msg>
<status status="PASS" starttime="20210514 18:24:09.007" endtime="20210514 18:24:09.098"/>
</kw>
<status status="PASS" starttime="20210514 18:24:09.007" endtime="20210514 18:24:09.099"/>
</kw>
<kw name="Create Class Should Have Failed">
<kw name="Location Should Be" library="SeleniumLibrary">
<arg>${ERROR URL}</arg>
<doc>Verifies that the current URL is exactly ``url``.</doc>
<msg timestamp="20210514 18:24:09.104" level="INFO">Current location is 'http://localhost:7272/classCreationError.html'.</msg>
<status status="PASS" starttime="20210514 18:24:09.099" endtime="20210514 18:24:09.104"/>
</kw>
<kw name="Title Should Be" library="SeleniumLibrary">
<arg>Error Page</arg>
<doc>Verifies that the current page title equals ``title``.</doc>
<msg timestamp="20210514 18:24:09.109" level="INFO">Page title is 'Error Page'.</msg>
<status status="PASS" starttime="20210514 18:24:09.104" endtime="20210514 18:24:09.109"/>
</kw>
<status status="PASS" starttime="20210514 18:24:09.099" endtime="20210514 18:24:09.109"/>
</kw>
<status status="PASS" starttime="20210514 18:24:08.648" endtime="20210514 18:24:09.109"/>
</kw>
<status status="PASS" starttime="20210514 18:24:08.621" endtime="20210514 18:24:09.109"/>
</test>
<test id="s1-s1-t10" name="Empty Difficulty And Language">
<kw name="Go To Create Class Page" library="resource" type="SETUP">
<kw name="Go To" library="SeleniumLibrary">
<arg>${CREATE URL}</arg>
<doc>Navigates the current browser window to the provided ``url``.</doc>
<msg timestamp="20210514 18:24:09.113" level="INFO">Opening url 'http://localhost:7272/createClass.html'</msg>
<status status="PASS" starttime="20210514 18:24:09.113" endtime="20210514 18:24:09.137"/>
</kw>
<kw name="Create Class Should Be Open" library="resource">
<kw name="Title Should Be" library="SeleniumLibrary">
<arg>Create class</arg>
<doc>Verifies that the current page title equals ``title``.</doc>
<msg timestamp="20210514 18:24:09.141" level="INFO">Page title is 'Create class'.</msg>
<status status="PASS" starttime="20210514 18:24:09.137" endtime="20210514 18:24:09.141"/>
</kw>
<status status="PASS" starttime="20210514 18:24:09.137" endtime="20210514 18:24:09.142"/>
</kw>
<status status="PASS" starttime="20210514 18:24:09.112" endtime="20210514 18:24:09.142"/>
</kw>
<kw name="Create Class With Invalid Credentials Should Fail">
<arg>${VALID TITLE}</arg>
<arg>${VALID DESCRIPTION}</arg>
<arg>${EMPTY DIFFICULTY}</arg>
<arg>${EMPTY LANGUAGE}</arg>
<kw name="Input Title" library="resource">
<arg>${title}</arg>
<kw name="Input Text" library="SeleniumLibrary">
<arg>title_field</arg>
<arg>${title}</arg>
<doc>Types the given ``text`` into the text field identified by ``locator``.</doc>
<msg timestamp="20210514 18:24:09.143" level="INFO">Typing text 'YogaClass' into text field 'title_field'.</msg>
<status status="PASS" starttime="20210514 18:24:09.143" endtime="20210514 18:24:09.254"/>
</kw>
<status status="PASS" starttime="20210514 18:24:09.143" endtime="20210514 18:24:09.254"/>
</kw>
<kw name="Input Description" library="resource">
<arg>${description}</arg>
<kw name="Input Text" library="SeleniumLibrary">
<arg>description_field</arg>
<arg>${description}</arg>
<doc>Types the given ``text`` into the text field identified by ``locator``.</doc>
<msg timestamp="20210514 18:24:09.255" level="INFO">Typing text 'This is yoga class' into text field 'description_field'.</msg>
<status status="PASS" starttime="20210514 18:24:09.254" endtime="20210514 18:24:09.369"/>
</kw>
<status status="PASS" starttime="20210514 18:24:09.254" endtime="20210514 18:24:09.370"/>
</kw>
<kw name="Input Difficulty" library="resource">
<arg>${difficulty}</arg>
<kw name="Select From List By Value" library="SeleniumLibrary">
<arg>difficulty_field</arg>
<arg>${difficulty}</arg>
<doc>Selects options from selection list ``locator`` by ``values``.</doc>
<msg timestamp="20210514 18:24:09.370" level="INFO">Selecting options from selection list 'difficulty_field' by value 0.</msg>
<status status="PASS" starttime="20210514 18:24:09.370" endtime="20210514 18:24:09.423"/>
</kw>
<status status="PASS" starttime="20210514 18:24:09.370" endtime="20210514 18:24:09.423"/>
</kw>
<kw name="Input Language" library="resource">
<arg>${language}</arg>
<kw name="Select From List By Value" library="SeleniumLibrary">
<arg>language_field</arg>
<arg>${language}</arg>
<doc>Selects options from selection list ``locator`` by ``values``.</doc>
<msg timestamp="20210514 18:24:09.424" level="INFO">Selecting options from selection list 'language_field' by value 0.</msg>
<status status="PASS" starttime="20210514 18:24:09.423" endtime="20210514 18:24:09.475"/>
</kw>
<status status="PASS" starttime="20210514 18:24:09.423" endtime="20210514 18:24:09.475"/>
</kw>
<kw name="Submit Credentials" library="resource">
<kw name="Click Button" library="SeleniumLibrary">
<arg>submit_button</arg>
<doc>Clicks the button identified by ``locator``.</doc>
<msg timestamp="20210514 18:24:09.476" level="INFO">Clicking button 'submit_button'.</msg>
<status status="PASS" starttime="20210514 18:24:09.476" endtime="20210514 18:24:09.567"/>
</kw>
<status status="PASS" starttime="20210514 18:24:09.476" endtime="20210514 18:24:09.567"/>
</kw>
<kw name="Create Class Should Have Failed">
<kw name="Location Should Be" library="SeleniumLibrary">
<arg>${ERROR URL}</arg>
<doc>Verifies that the current URL is exactly ``url``.</doc>
<msg timestamp="20210514 18:24:09.573" level="INFO">Current location is 'http://localhost:7272/classCreationError.html'.</msg>
<status status="PASS" starttime="20210514 18:24:09.568" endtime="20210514 18:24:09.573"/>
</kw>
<kw name="Title Should Be" library="SeleniumLibrary">
<arg>Error Page</arg>
<doc>Verifies that the current page title equals ``title``.</doc>
<msg timestamp="20210514 18:24:09.576" level="INFO">Page title is 'Error Page'.</msg>
<status status="PASS" starttime="20210514 18:24:09.573" endtime="20210514 18:24:09.576"/>
</kw>
<status status="PASS" starttime="20210514 18:24:09.567" endtime="20210514 18:24:09.576"/>
</kw>
<status status="PASS" starttime="20210514 18:24:09.142" endtime="20210514 18:24:09.576"/>
</kw>
<status status="PASS" starttime="20210514 18:24:09.111" endtime="20210514 18:24:09.576"/>
</test>
<test id="s1-s1-t11" name="Empty Title, Description And Difficulty">
<kw name="Go To Create Class Page" library="resource" type="SETUP">
<kw name="Go To" library="SeleniumLibrary">
<arg>${CREATE URL}</arg>
<doc>Navigates the current browser window to the provided ``url``.</doc>
<msg timestamp="20210514 18:24:09.579" level="INFO">Opening url 'http://localhost:7272/createClass.html'</msg>
<status status="PASS" starttime="20210514 18:24:09.579" endtime="20210514 18:24:09.601"/>
</kw>
<kw name="Create Class Should Be Open" library="resource">
<kw name="Title Should Be" library="SeleniumLibrary">
<arg>Create class</arg>
<doc>Verifies that the current page title equals ``title``.</doc>
<msg timestamp="20210514 18:24:09.606" level="INFO">Page title is 'Create class'.</msg>
<status status="PASS" starttime="20210514 18:24:09.602" endtime="20210514 18:24:09.606"/>
</kw>
<status status="PASS" starttime="20210514 18:24:09.601" endtime="20210514 18:24:09.606"/>
</kw>
<status status="PASS" starttime="20210514 18:24:09.578" endtime="20210514 18:24:09.606"/>
</kw>
<kw name="Create Class With Invalid Credentials Should Fail">
<arg>${EMPTY}</arg>
<arg>${EMPTY}</arg>
<arg>${EMPTY DIFFICULTY}</arg>
<arg>${VALID LANGUAGE}</arg>
<kw name="Input Title" library="resource">
<arg>${title}</arg>
<kw name="Input Text" library="SeleniumLibrary">
<arg>title_field</arg>
<arg>${title}</arg>
<doc>Types the given ``text`` into the text field identified by ``locator``.</doc>
<msg timestamp="20210514 18:24:09.609" level="INFO">Typing text '' into text field 'title_field'.</msg>
<status status="PASS" starttime="20210514 18:24:09.608" endtime="20210514 18:24:09.715"/>
</kw>
<status status="PASS" starttime="20210514 18:24:09.608" endtime="20210514 18:24:09.715"/>
</kw>
<kw name="Input Description" library="resource">
<arg>${description}</arg>
<kw name="Input Text" library="SeleniumLibrary">
<arg>description_field</arg>
<arg>${description}</arg>
<doc>Types the given ``text`` into the text field identified by ``locator``.</doc>
<msg timestamp="20210514 18:24:09.715" level="INFO">Typing text '' into text field 'description_field'.</msg>
<status status="PASS" starttime="20210514 18:24:09.715" endtime="20210514 18:24:09.819"/>
</kw>
<status status="PASS" starttime="20210514 18:24:09.715" endtime="20210514 18:24:09.819"/>
</kw>
<kw name="Input Difficulty" library="resource">
<arg>${difficulty}</arg>
<kw name="Select From List By Value" library="SeleniumLibrary">
<arg>difficulty_field</arg>
<arg>${difficulty}</arg>
<doc>Selects options from selection list ``locator`` by ``values``.</doc>
<msg timestamp="20210514 18:24:09.820" level="INFO">Selecting options from selection list 'difficulty_field' by value 0.</msg>
<status status="PASS" starttime="20210514 18:24:09.820" endtime="20210514 18:24:09.872"/>
</kw>
<status status="PASS" starttime="20210514 18:24:09.819" endtime="20210514 18:24:09.872"/>
</kw>
<kw name="Input Language" library="resource">
<arg>${language}</arg>
<kw name="Select From List By Value" library="SeleniumLibrary">
<arg>language_field</arg>
<arg>${language}</arg>
<doc>Selects options from selection list ``locator`` by ``values``.</doc>
<msg timestamp="20210514 18:24:09.873" level="INFO">Selecting options from selection list 'language_field' by value 1.</msg>
<status status="PASS" starttime="20210514 18:24:09.873" endtime="20210514 18:24:09.952"/>
</kw>
<status status="PASS" starttime="20210514 18:24:09.872" endtime="20210514 18:24:09.952"/>
</kw>
<kw name="Submit Credentials" library="resource">
<kw name="Click Button" library="SeleniumLibrary">
<arg>submit_button</arg>
<doc>Clicks the button identified by ``locator``.</doc>
<msg timestamp="20210514 18:24:09.953" level="INFO">Clicking button 'submit_button'.</msg>
<status status="PASS" starttime="20210514 18:24:09.953" endtime="20210514 18:24:10.047"/>
</kw>
<status status="PASS" starttime="20210514 18:24:09.953" endtime="20210514 18:24:10.048"/>
</kw>
<kw name="Create Class Should Have Failed">
<kw name="Location Should Be" library="SeleniumLibrary">
<arg>${ERROR URL}</arg>
<doc>Verifies that the current URL is exactly ``url``.</doc>
<msg timestamp="20210514 18:24:10.053" level="INFO">Current location is 'http://localhost:7272/classCreationError.html'.</msg>
<status status="PASS" starttime="20210514 18:24:10.048" endtime="20210514 18:24:10.053"/>
</kw>
<kw name="Title Should Be" library="SeleniumLibrary">
<arg>Error Page</arg>
<doc>Verifies that the current page title equals ``title``.</doc>
<msg timestamp="20210514 18:24:10.056" level="INFO">Page title is 'Error Page'.</msg>
<status status="PASS" starttime="20210514 18:24:10.053" endtime="20210514 18:24:10.056"/>
</kw>
<status status="PASS" starttime="20210514 18:24:10.048" endtime="20210514 18:24:10.056"/>
</kw>
<status status="PASS" starttime="20210514 18:24:09.608" endtime="20210514 18:24:10.056"/>
</kw>
<status status="PASS" starttime="20210514 18:24:09.578" endtime="20210514 18:24:10.057"/>
</test>
<test id="s1-s1-t12" name="Empty Title, Description And Language">
<kw name="Go To Create Class Page" library="resource" type="SETUP">
<kw name="Go To" library="SeleniumLibrary">
<arg>${CREATE URL}</arg>
<doc>Navigates the current browser window to the provided ``url``.</doc>
<msg timestamp="20210514 18:24:10.060" level="INFO">Opening url 'http://localhost:7272/createClass.html'</msg>
<status status="PASS" starttime="20210514 18:24:10.059" endtime="20210514 18:24:10.084"/>
</kw>
<kw name="Create Class Should Be Open" library="resource">
<kw name="Title Should Be" library="SeleniumLibrary">
<arg>Create class</arg>
<doc>Verifies that the current page title equals ``title``.</doc>
<msg timestamp="20210514 18:24:10.089" level="INFO">Page title is 'Create class'.</msg>
<status status="PASS" starttime="20210514 18:24:10.085" endtime="20210514 18:24:10.089"/>
</kw>
<status status="PASS" starttime="20210514 18:24:10.084" endtime="20210514 18:24:10.089"/>
</kw>
<status status="PASS" starttime="20210514 18:24:10.059" endtime="20210514 18:24:10.089"/>
</kw>
<kw name="Create Class With Invalid Credentials Should Fail">
<arg>${EMPTY}</arg>
<arg>${EMPTY}</arg>
<arg>${VALID DIFFICULTY}</arg>
<arg>${EMPTY LANGUAGE}</arg>
<kw name="Input Title" library="resource">
<arg>${title}</arg>
<kw name="Input Text" library="SeleniumLibrary">
<arg>title_field</arg>
<arg>${title}</arg>
<doc>Types the given ``text`` into the text field identified by ``locator``.</doc>
<msg timestamp="20210514 18:24:10.091" level="INFO">Typing text '' into text field 'title_field'.</msg>
<status status="PASS" starttime="20210514 18:24:10.091" endtime="20210514 18:24:10.207"/>
</kw>
<status status="PASS" starttime="20210514 18:24:10.090" endtime="20210514 18:24:10.207"/>
</kw>
<kw name="Input Description" library="resource">
<arg>${description}</arg>
<kw name="Input Text" library="SeleniumLibrary">
<arg>description_field</arg>
<arg>${description}</arg>
<doc>Types the given ``text`` into the text field identified by ``locator``.</doc>
<msg timestamp="20210514 18:24:10.208" level="INFO">Typing text '' into text field 'description_field'.</msg>
<status status="PASS" starttime="20210514 18:24:10.208" endtime="20210514 18:24:10.326"/>
</kw>
<status status="PASS" starttime="20210514 18:24:10.207" endtime="20210514 18:24:10.326"/>
</kw>
<kw name="Input Difficulty" library="resource">
<arg>${difficulty}</arg>
<kw name="Select From List By Value" library="SeleniumLibrary">
<arg>difficulty_field</arg>
<arg>${difficulty}</arg>
<doc>Selects options from selection list ``locator`` by ``values``.</doc>
<msg timestamp="20210514 18:24:10.327" level="INFO">Selecting options from selection list 'difficulty_field' by value 1.</msg>
<status status="PASS" starttime="20210514 18:24:10.327" endtime="20210514 18:24:10.416"/>
</kw>
<status status="PASS" starttime="20210514 18:24:10.327" endtime="20210514 18:24:10.416"/>
</kw>
<kw name="Input Language" library="resource">
<arg>${language}</arg>
<kw name="Select From List By Value" library="SeleniumLibrary">
<arg>language_field</arg>
<arg>${language}</arg>
<doc>Selects options from selection list ``locator`` by ``values``.</doc>
<msg timestamp="20210514 18:24:10.417" level="INFO">Selecting options from selection list 'language_field' by value 0.</msg>
<status status="PASS" starttime="20210514 18:24:10.417" endtime="20210514 18:24:10.473"/>
</kw>
<status status="PASS" starttime="20210514 18:24:10.416" endtime="20210514 18:24:10.473"/>
</kw>
<kw name="Submit Credentials" library="resource">
<kw name="Click Button" library="SeleniumLibrary">
<arg>submit_button</arg>
<doc>Clicks the button identified by ``locator``.</doc>
<msg timestamp="20210514 18:24:10.474" level="INFO">Clicking button 'submit_button'.</msg>
<status status="PASS" starttime="20210514 18:24:10.474" endtime="20210514 18:24:10.564"/>
</kw>
<status status="PASS" starttime="20210514 18:24:10.473" endtime="20210514 18:24:10.564"/>
</kw>
<kw name="Create Class Should Have Failed">
<kw name="Location Should Be" library="SeleniumLibrary">
<arg>${ERROR URL}</arg>
<doc>Verifies that the current URL is exactly ``url``.</doc>
<msg timestamp="20210514 18:24:10.569" level="INFO">Current location is 'http://localhost:7272/classCreationError.html'.</msg>
<status status="PASS" starttime="20210514 18:24:10.564" endtime="20210514 18:24:10.569"/>
</kw>
<kw name="Title Should Be" library="SeleniumLibrary">
<arg>Error Page</arg>
<doc>Verifies that the current page title equals ``title``.</doc>
<msg timestamp="20210514 18:24:10.573" level="INFO">Page title is 'Error Page'.</msg>
<status status="PASS" starttime="20210514 18:24:10.569" endtime="20210514 18:24:10.573"/>
</kw>
<status status="PASS" starttime="20210514 18:24:10.564" endtime="20210514 18:24:10.573"/>
</kw>
<status status="PASS" starttime="20210514 18:24:10.089" endtime="20210514 18:24:10.573"/>
</kw>
<status status="PASS" starttime="20210514 18:24:10.058" endtime="20210514 18:24:10.574"/>
</test>
<test id="s1-s1-t13" name="Empty Title, Difficulty And Language">
<kw name="Go To Create Class Page" library="resource" type="SETUP">
<kw name="Go To" library="SeleniumLibrary">
<arg>${CREATE URL}</arg>
<doc>Navigates the current browser window to the provided ``url``.</doc>
<msg timestamp="20210514 18:24:10.577" level="INFO">Opening url 'http://localhost:7272/createClass.html'</msg>
<status status="PASS" starttime="20210514 18:24:10.577" endtime="20210514 18:24:10.601"/>
</kw>
<kw name="Create Class Should Be Open" library="resource">
<kw name="Title Should Be" library="SeleniumLibrary">
<arg>Create class</arg>
<doc>Verifies that the current page title equals ``title``.</doc>
<msg timestamp="20210514 18:24:10.605" level="INFO">Page title is 'Create class'.</msg>
<status status="PASS" starttime="20210514 18:24:10.601" endtime="20210514 18:24:10.605"/>
</kw>
<status status="PASS" starttime="20210514 18:24:10.601" endtime="20210514 18:24:10.605"/>
</kw>
<status status="PASS" starttime="20210514 18:24:10.576" endtime="20210514 18:24:10.605"/>
</kw>
<kw name="Create Class With Invalid Credentials Should Fail">
<arg>${EMPTY}</arg>
<arg>${VALID DESCRIPTION}</arg>
<arg>${EMPTY DIFFICULTY}</arg>
<arg>${EMPTY LANGUAGE}</arg>
<kw name="Input Title" library="resource">
<arg>${title}</arg>
<kw name="Input Text" library="SeleniumLibrary">
<arg>title_field</arg>
<arg>${title}</arg>
<doc>Types the given ``text`` into the text field identified by ``locator``.</doc>
<msg timestamp="20210514 18:24:10.607" level="INFO">Typing text '' into text field 'title_field'.</msg>
<status status="PASS" starttime="20210514 18:24:10.607" endtime="20210514 18:24:10.717"/>
</kw>
<status status="PASS" starttime="20210514 18:24:10.607" endtime="20210514 18:24:10.717"/>
</kw>
<kw name="Input Description" library="resource">
<arg>${description}</arg>
<kw name="Input Text" library="SeleniumLibrary">
<arg>description_field</arg>
<arg>${description}</arg>
<doc>Types the given ``text`` into the text field identified by ``locator``.</doc>
<msg timestamp="20210514 18:24:10.718" level="INFO">Typing text 'This is yoga class' into text field 'description_field'.</msg>
<status status="PASS" starttime="20210514 18:24:10.718" endtime="20210514 18:24:10.838"/>
</kw>
<status status="PASS" starttime="20210514 18:24:10.717" endtime="20210514 18:24:10.838"/>
</kw>
<kw name="Input Difficulty" library="resource">
<arg>${difficulty}</arg>
<kw name="Select From List By Value" library="SeleniumLibrary">
<arg>difficulty_field</arg>
<arg>${difficulty}</arg>
<doc>Selects options from selection list ``locator`` by ``values``.</doc>
<msg timestamp="20210514 18:24:10.839" level="INFO">Selecting options from selection list 'difficulty_field' by value 0.</msg>
<status status="PASS" starttime="20210514 18:24:10.839" endtime="20210514 18:24:10.891"/>
</kw>
<status status="PASS" starttime="20210514 18:24:10.839" endtime="20210514 18:24:10.892"/>
</kw>
<kw name="Input Language" library="resource">
<arg>${language}</arg>
<kw name="Select From List By Value" library="SeleniumLibrary">
<arg>language_field</arg>
<arg>${language}</arg>
<doc>Selects options from selection list ``locator`` by ``values``.</doc>
<msg timestamp="20210514 18:24:10.892" level="INFO">Selecting options from selection list 'language_field' by value 0.</msg>
<status status="PASS" starttime="20210514 18:24:10.892" endtime="20210514 18:24:10.943"/>
</kw>
<status status="PASS" starttime="20210514 18:24:10.892" endtime="20210514 18:24:10.943"/>
</kw>
<kw name="Submit Credentials" library="resource">
<kw name="Click Button" library="SeleniumLibrary">
<arg>submit_button</arg>
<doc>Clicks the button identified by ``locator``.</doc>
<msg timestamp="20210514 18:24:10.943" level="INFO">Clicking button 'submit_button'.</msg>
<status status="PASS" starttime="20210514 18:24:10.943" endtime="20210514 18:24:11.032"/>
</kw>
<status status="PASS" starttime="20210514 18:24:10.943" endtime="20210514 18:24:11.032"/>
</kw>
<kw name="Create Class Should Have Failed">
<kw name="Location Should Be" library="SeleniumLibrary">
<arg>${ERROR URL}</arg>
<doc>Verifies that the current URL is exactly ``url``.</doc>
<msg timestamp="20210514 18:24:11.036" level="INFO">Current location is 'http://localhost:7272/classCreationError.html'.</msg>
<status status="PASS" starttime="20210514 18:24:11.032" endtime="20210514 18:24:11.036"/>
</kw>
<kw name="Title Should Be" library="SeleniumLibrary">
<arg>Error Page</arg>
<doc>Verifies that the current page title equals ``title``.</doc>
<msg timestamp="20210514 18:24:11.040" level="INFO">Page title is 'Error Page'.</msg>
<status status="PASS" starttime="20210514 18:24:11.036" endtime="20210514 18:24:11.040"/>
</kw>
<status status="PASS" starttime="20210514 18:24:11.032" endtime="20210514 18:24:11.040"/>
</kw>
<status status="PASS" starttime="20210514 18:24:10.606" endtime="20210514 18:24:11.040"/>
</kw>
<status status="PASS" starttime="20210514 18:24:10.576" endtime="20210514 18:24:11.040"/>
</test>
<test id="s1-s1-t14" name="Empty Description, Difficulty And Language">
<kw name="Go To Create Class Page" library="resource" type="SETUP">
<kw name="Go To" library="SeleniumLibrary">
<arg>${CREATE URL}</arg>
<doc>Navigates the current browser window to the provided ``url``.</doc>
<msg timestamp="20210514 18:24:11.043" level="INFO">Opening url 'http://localhost:7272/createClass.html'</msg>
<status status="PASS" starttime="20210514 18:24:11.043" endtime="20210514 18:24:11.067"/>
</kw>
<kw name="Create Class Should Be Open" library="resource">
<kw name="Title Should Be" library="SeleniumLibrary">
<arg>Create class</arg>
<doc>Verifies that the current page title equals ``title``.</doc>
<msg timestamp="20210514 18:24:11.071" level="INFO">Page title is 'Create class'.</msg>
<status status="PASS" starttime="20210514 18:24:11.067" endtime="20210514 18:24:11.071"/>
</kw>
<status status="PASS" starttime="20210514 18:24:11.067" endtime="20210514 18:24:11.071"/>
</kw>
<status status="PASS" starttime="20210514 18:24:11.043" endtime="20210514 18:24:11.071"/>
</kw>
<kw name="Create Class With Invalid Credentials Should Fail">
<arg>${VALID TITLE}</arg>
<arg>${EMPTY}</arg>
<arg>${EMPTY DIFFICULTY}</arg>
<arg>${EMPTY LANGUAGE}</arg>
<kw name="Input Title" library="resource">
<arg>${title}</arg>
<kw name="Input Text" library="SeleniumLibrary">
<arg>title_field</arg>
<arg>${title}</arg>
<doc>Types the given ``text`` into the text field identified by ``locator``.</doc>
<msg timestamp="20210514 18:24:11.073" level="INFO">Typing text 'YogaClass' into text field 'title_field'.</msg>
<status status="PASS" starttime="20210514 18:24:11.073" endtime="20210514 18:24:11.192"/>
</kw>
<status status="PASS" starttime="20210514 18:24:11.073" endtime="20210514 18:24:11.192"/>
</kw>
<kw name="Input Description" library="resource">
<arg>${description}</arg>
<kw name="Input Text" library="SeleniumLibrary">
<arg>description_field</arg>
<arg>${description}</arg>
<doc>Types the given ``text`` into the text field identified by ``locator``.</doc>
<msg timestamp="20210514 18:24:11.193" level="INFO">Typing text '' into text field 'description_field'.</msg>
<status status="PASS" starttime="20210514 18:24:11.193" endtime="20210514 18:24:11.295"/>
</kw>
<status status="PASS" starttime="20210514 18:24:11.192" endtime="20210514 18:24:11.295"/>
</kw>
<kw name="Input Difficulty" library="resource">
<arg>${difficulty}</arg>
<kw name="Select From List By Value" library="SeleniumLibrary">
<arg>difficulty_field</arg>
<arg>${difficulty}</arg>
<doc>Selects options from selection list ``locator`` by ``values``.</doc>
<msg timestamp="20210514 18:24:11.296" level="INFO">Selecting options from selection list 'difficulty_field' by value 0.</msg>
<status status="PASS" starttime="20210514 18:24:11.296" endtime="20210514 18:24:11.345"/>
</kw>
<status status="PASS" starttime="20210514 18:24:11.296" endtime="20210514 18:24:11.345"/>
</kw>
<kw name="Input Language" library="resource">
<arg>${language}</arg>
<kw name="Select From List By Value" library="SeleniumLibrary">
<arg>language_field</arg>
<arg>${language}</arg>
<doc>Selects options from selection list ``locator`` by ``values``.</doc>
<msg timestamp="20210514 18:24:11.346" level="INFO">Selecting options from selection list 'language_field' by value 0.</msg>
<status status="PASS" starttime="20210514 18:24:11.345" endtime="20210514 18:24:11.391"/>
</kw>
<status status="PASS" starttime="20210514 18:24:11.345" endtime="20210514 18:24:11.391"/>
</kw>
<kw name="Submit Credentials" library="resource">
<kw name="Click Button" library="SeleniumLibrary">
<arg>submit_button</arg>
<doc>Clicks the button identified by ``locator``.</doc>
<msg timestamp="20210514 18:24:11.392" level="INFO">Clicking button 'submit_button'.</msg>
<status status="PASS" starttime="20210514 18:24:11.391" endtime="20210514 18:24:11.483"/>
</kw>
<status status="PASS" starttime="20210514 18:24:11.391" endtime="20210514 18:24:11.484"/>
</kw>
<kw name="Create Class Should Have Failed">
<kw name="Location Should Be" library="SeleniumLibrary">
<arg>${ERROR URL}</arg>
<doc>Verifies that the current URL is exactly ``url``.</doc>
<msg timestamp="20210514 18:24:11.488" level="INFO">Current location is 'http://localhost:7272/classCreationError.html'.</msg>
<status status="PASS" starttime="20210514 18:24:11.484" endtime="20210514 18:24:11.488"/>
</kw>
<kw name="Title Should Be" library="SeleniumLibrary">
<arg>Error Page</arg>
<doc>Verifies that the current page title equals ``title``.</doc>
<msg timestamp="20210514 18:24:11.492" level="INFO">Page title is 'Error Page'.</msg>
<status status="PASS" starttime="20210514 18:24:11.488" endtime="20210514 18:24:11.493"/>
</kw>
<status status="PASS" starttime="20210514 18:24:11.484" endtime="20210514 18:24:11.493"/>
</kw>
<status status="PASS" starttime="20210514 18:24:11.072" endtime="20210514 18:24:11.493"/>
</kw>
<status status="PASS" starttime="20210514 18:24:11.042" endtime="20210514 18:24:11.493"/>
</test>
<test id="s1-s1-t15" name="Empty Title, Description, Difficulty And Language">
<kw name="Go To Create Class Page" library="resource" type="SETUP">
<kw name="Go To" library="SeleniumLibrary">
<arg>${CREATE URL}</arg>
<doc>Navigates the current browser window to the provided ``url``.</doc>
<msg timestamp="20210514 18:24:11.497" level="INFO">Opening url 'http://localhost:7272/createClass.html'</msg>
<status status="PASS" starttime="20210514 18:24:11.496" endtime="20210514 18:24:11.520"/>
</kw>
<kw name="Create Class Should Be Open" library="resource">
<kw name="Title Should Be" library="SeleniumLibrary">
<arg>Create class</arg>
<doc>Verifies that the current page title equals ``title``.</doc>
<msg timestamp="20210514 18:24:11.525" level="INFO">Page title is 'Create class'.</msg>
<status status="PASS" starttime="20210514 18:24:11.520" endtime="20210514 18:24:11.525"/>
</kw>
<status status="PASS" starttime="20210514 18:24:11.520" endtime="20210514 18:24:11.525"/>
</kw>
<status status="PASS" starttime="20210514 18:24:11.496" endtime="20210514 18:24:11.525"/>
</kw>
<kw name="Create Class With Invalid Credentials Should Fail">
<arg>${EMPTY}</arg>
<arg>${EMPTY}</arg>
<arg>${EMPTY DIFFICULTY}</arg>
<arg>${EMPTY LANGUAGE}</arg>
<kw name="Input Title" library="resource">
<arg>${title}</arg>
<kw name="Input Text" library="SeleniumLibrary">
<arg>title_field</arg>
<arg>${title}</arg>
<doc>Types the given ``text`` into the text field identified by ``locator``.</doc>
<msg timestamp="20210514 18:24:11.527" level="INFO">Typing text '' into text field 'title_field'.</msg>
<status status="PASS" starttime="20210514 18:24:11.527" endtime="20210514 18:24:11.638"/>
</kw>
<status status="PASS" starttime="20210514 18:24:11.527" endtime="20210514 18:24:11.638"/>
</kw>
<kw name="Input Description" library="resource">
<arg>${description}</arg>
<kw name="Input Text" library="SeleniumLibrary">
<arg>description_field</arg>
<arg>${description}</arg>
<doc>Types the given ``text`` into the text field identified by ``locator``.</doc>
<msg timestamp="20210514 18:24:11.639" level="INFO">Typing text '' into text field 'description_field'.</msg>
<status status="PASS" starttime="20210514 18:24:11.638" endtime="20210514 18:24:11.748"/>
</kw>
<status status="PASS" starttime="20210514 18:24:11.638" endtime="20210514 18:24:11.748"/>
</kw>
<kw name="Input Difficulty" library="resource">
<arg>${difficulty}</arg>
<kw name="Select From List By Value" library="SeleniumLibrary">
<arg>difficulty_field</arg>
<arg>${difficulty}</arg>
<doc>Selects options from selection list ``locator`` by ``values``.</doc>
<msg timestamp="20210514 18:24:11.749" level="INFO">Selecting options from selection list 'difficulty_field' by value 0.</msg>
<status status="PASS" starttime="20210514 18:24:11.749" endtime="20210514 18:24:11.803"/>
</kw>
<status status="PASS" starttime="20210514 18:24:11.748" endtime="20210514 18:24:11.803"/>
</kw>
<kw name="Input Language" library="resource">
<arg>${language}</arg>
<kw name="Select From List By Value" library="SeleniumLibrary">
<arg>language_field</arg>
<arg>${language}</arg>
<doc>Selects options from selection list ``locator`` by ``values``.</doc>
<msg timestamp="20210514 18:24:11.803" level="INFO">Selecting options from selection list 'language_field' by value 0.</msg>
<status status="PASS" starttime="20210514 18:24:11.803" endtime="20210514 18:24:11.854"/>
</kw>
<status status="PASS" starttime="20210514 18:24:11.803" endtime="20210514 18:24:11.855"/>
</kw>
<kw name="Submit Credentials" library="resource">
<kw name="Click Button" library="SeleniumLibrary">
<arg>submit_button</arg>
<doc>Clicks the button identified by ``locator``.</doc>
<msg timestamp="20210514 18:24:11.855" level="INFO">Clicking button 'submit_button'.</msg>
<status status="PASS" starttime="20210514 18:24:11.855" endtime="20210514 18:24:11.941"/>
</kw>
<status status="PASS" starttime="20210514 18:24:11.855" endtime="20210514 18:24:11.942"/>
</kw>
<kw name="Create Class Should Have Failed">
<kw name="Location Should Be" library="SeleniumLibrary">
<arg>${ERROR URL}</arg>
<doc>Verifies that the current URL is exactly ``url``.</doc>
<msg timestamp="20210514 18:24:11.948" level="INFO">Current location is 'http://localhost:7272/classCreationError.html'.</msg>
<status status="PASS" starttime="20210514 18:24:11.942" endtime="20210514 18:24:11.948"/>
</kw>
<kw name="Title Should Be" library="SeleniumLibrary">
<arg>Error Page</arg>
<doc>Verifies that the current page title equals ``title``.</doc>
<msg timestamp="20210514 18:24:11.952" level="INFO">Page title is 'Error Page'.</msg>
<status status="PASS" starttime="20210514 18:24:11.948" endtime="20210514 18:24:11.952"/>
</kw>
<status status="PASS" starttime="20210514 18:24:11.942" endtime="20210514 18:24:11.952"/>
</kw>
<status status="PASS" starttime="20210514 18:24:11.526" endtime="20210514 18:24:11.953"/>
</kw>
<status status="PASS" starttime="20210514 18:24:11.495" endtime="20210514 18:24:11.953"/>
</test>
<kw name="Close Browser" library="SeleniumLibrary" type="TEARDOWN">
<doc>Closes the current browser.</doc>
<status status="PASS" starttime="20210514 18:24:11.956" endtime="20210514 18:24:14.037"/>
</kw>
<doc>A test suite containing tests related to invalid login.

These tests are data-driven by their nature. They use a single
keyword, specified with Test Template setting, that is called
with different arguments to cover different scenarios.

This suite also demonstrates using setups and teardowns in
different levels.</doc>
<status status="PASS" starttime="20210514 18:24:03.033" endtime="20210514 18:24:14.037"/>
</suite>
<suite id="s1-s2" name="Valid Create" source="D:\Python\WebDemo-main\createclass_tests\valid_create.robot">
<test id="s1-s2-t1" name="Valid Login">
<kw name="Open Browser To Create Class" library="resource">
<kw name="Open Browser" library="SeleniumLibrary">
<arg>${CREATE URL}</arg>
<arg>${BROWSER}</arg>
<doc>Opens a new browser instance to the optional ``url``.</doc>
<msg timestamp="20210514 18:24:14.051" level="INFO">Opening browser 'Chrome' to base url 'http://localhost:7272/createClass.html'.</msg>
<status status="PASS" starttime="20210514 18:24:14.051" endtime="20210514 18:24:15.515"/>
</kw>
<kw name="Maximize Browser Window" library="SeleniumLibrary">
<doc>Maximizes current browser window.</doc>
<status status="PASS" starttime="20210514 18:24:15.515" endtime="20210514 18:24:15.635"/>
</kw>
<kw name="Set Selenium Speed" library="SeleniumLibrary">
<arg>${DELAY}</arg>
<doc>Sets the delay that is waited after each Selenium command.</doc>
<status status="PASS" starttime="20210514 18:24:15.635" endtime="20210514 18:24:15.635"/>
</kw>
<kw name="Create Class Should Be Open" library="resource">
<kw name="Title Should Be" library="SeleniumLibrary">
<arg>Create class</arg>
<doc>Verifies that the current page title equals ``title``.</doc>
<msg timestamp="20210514 18:24:15.643" level="INFO">Page title is 'Create class'.</msg>
<status status="PASS" starttime="20210514 18:24:15.636" endtime="20210514 18:24:15.643"/>
</kw>
<status status="PASS" starttime="20210514 18:24:15.635" endtime="20210514 18:24:15.643"/>
</kw>
<status status="PASS" starttime="20210514 18:24:14.051" endtime="20210514 18:24:15.643"/>
</kw>
<kw name="Input Title" library="resource">
<arg>YogaClass</arg>
<kw name="Input Text" library="SeleniumLibrary">
<arg>title_field</arg>
<arg>${title}</arg>
<doc>Types the given ``text`` into the text field identified by ``locator``.</doc>
<msg timestamp="20210514 18:24:15.644" level="INFO">Typing text 'YogaClass' into text field 'title_field'.</msg>
<status status="PASS" starttime="20210514 18:24:15.644" endtime="20210514 18:24:15.764"/>
</kw>
<status status="PASS" starttime="20210514 18:24:15.644" endtime="20210514 18:24:15.764"/>
</kw>
<kw name="Input Description" library="resource">
<arg>This is yoga class</arg>
<kw name="Input Text" library="SeleniumLibrary">
<arg>description_field</arg>
<arg>${description}</arg>
<doc>Types the given ``text`` into the text field identified by ``locator``.</doc>
<msg timestamp="20210514 18:24:15.765" level="INFO">Typing text 'This is yoga class' into text field 'description_field'.</msg>
<status status="PASS" starttime="20210514 18:24:15.765" endtime="20210514 18:24:15.871"/>
</kw>
<status status="PASS" starttime="20210514 18:24:15.765" endtime="20210514 18:24:15.871"/>
</kw>
<kw name="Input Difficulty" library="resource">
<arg>3</arg>
<kw name="Select From List By Value" library="SeleniumLibrary">
<arg>difficulty_field</arg>
<arg>${difficulty}</arg>
<doc>Selects options from selection list ``locator`` by ``values``.</doc>
<msg timestamp="20210514 18:24:15.872" level="INFO">Selecting options from selection list 'difficulty_field' by value 3.</msg>
<status status="PASS" starttime="20210514 18:24:15.872" endtime="20210514 18:24:15.953"/>
</kw>
<status status="PASS" starttime="20210514 18:24:15.871" endtime="20210514 18:24:15.953"/>
</kw>
<kw name="Input Language" library="resource">
<arg>3</arg>
<kw name="Select From List By Value" library="SeleniumLibrary">
<arg>language_field</arg>
<arg>${language}</arg>
<doc>Selects options from selection list ``locator`` by ``values``.</doc>
<msg timestamp="20210514 18:24:15.955" level="INFO">Selecting options from selection list 'language_field' by value 3.</msg>
<status status="PASS" starttime="20210514 18:24:15.954" endtime="20210514 18:24:16.029"/>
</kw>
<status status="PASS" starttime="20210514 18:24:15.954" endtime="20210514 18:24:16.029"/>
</kw>
<kw name="Submit Credentials" library="resource">
<kw name="Click Button" library="SeleniumLibrary">
<arg>submit_button</arg>
<doc>Clicks the button identified by ``locator``.</doc>
<msg timestamp="20210514 18:24:16.030" level="INFO">Clicking button 'submit_button'.</msg>
<status status="PASS" starttime="20210514 18:24:16.030" endtime="20210514 18:24:16.455"/>
</kw>
<status status="PASS" starttime="20210514 18:24:16.029" endtime="20210514 18:24:16.455"/>
</kw>
<kw name="Result Page Should Be Open" library="resource">
<kw name="Location Should Be" library="SeleniumLibrary">
<arg>${RESULT URL}</arg>
<doc>Verifies that the current URL is exactly ``url``.</doc>
<msg timestamp="20210514 18:24:16.463" level="INFO">Current location is 'http://localhost:7272/classCreated.html'.</msg>
<status status="PASS" starttime="20210514 18:24:16.456" endtime="20210514 18:24:16.463"/>
</kw>
<kw name="Title Should Be" library="SeleniumLibrary">
<arg>Result Page</arg>
<doc>Verifies that the current page title equals ``title``.</doc>
<msg timestamp="20210514 18:24:16.468" level="INFO">Page title is 'Result Page'.</msg>
<status status="PASS" starttime="20210514 18:24:16.463" endtime="20210514 18:24:16.468"/>
</kw>
<status status="PASS" starttime="20210514 18:24:16.456" endtime="20210514 18:24:16.468"/>
</kw>
<kw name="Close Browser" library="SeleniumLibrary" type="TEARDOWN">
<doc>Closes the current browser.</doc>
<status status="PASS" starttime="20210514 18:24:16.469" endtime="20210514 18:24:18.556"/>
</kw>
<status status="PASS" starttime="20210514 18:24:14.049" endtime="20210514 18:24:18.557"/>
</test>
<doc>A test suite with a single test for valid login.

This test has a workflow that is created using keywords in
the imported resource file.</doc>
<status status="PASS" starttime="20210514 18:24:14.042" endtime="20210514 18:24:18.561"/>
</suite>
<status status="PASS" starttime="20210514 18:24:03.006" endtime="20210514 18:24:18.568"/>
</suite>
<statistics>
<total>
<stat pass="16" fail="0" skip="0">All Tests</stat>
</total>
<tag>
</tag>
<suite>
<stat pass="16" fail="0" skip="0" id="s1" name="Createclass Tests">Createclass Tests</stat>
<stat pass="15" fail="0" skip="0" id="s1-s1" name="Invalid Create">Createclass Tests.Invalid Create</stat>
<stat pass="1" fail="0" skip="0" id="s1-s2" name="Valid Create">Createclass Tests.Valid Create</stat>
</suite>
</statistics>
<errors>
</errors>
</robot>
